State 13 conflicts: 1 shift/reduce
State 14 conflicts: 1 shift/reduce
State 15 conflicts: 1 shift/reduce
State 16 conflicts: 1 shift/reduce
State 17 conflicts: 1 shift/reduce


Grammar

    0 $accept: ILProgram $end

    1 ILProgram: CompUnits

    2 CompUnits: CompUnit
    3          | CompUnits CompUnit

    4 CompUnit: CompUnitEnd
    5         | ILStates
    6         | MacroStates
    7         | DBGStates
    8         | MDStates
    9         | ILMain
   10         | DataStates

   11 ILMain: IL_VERSION Statements IL_ENDMAIN

   12 CompUnitEnd: STR_TOKEN

   13 ILStates: ILState
   14         | ILStates ILState

   15 MacroStates: MacroState
   16            | MacroStates MacroState

   17 DBGStates: DBGState
   18          | DBGStates DBGState

   19 DataStates: DataState
   20           | DataStates DataState

   21 MDStates: MDState
   22         | MDStates MDState

   23 ILState: IL_FUNC STR_TOKEN ';' STR_TOKEN Statements IL_ENDFUNC ';' STR_TOKEN
   24        | IL_FUNC STR_TOKEN ';' STR_TOKEN ';' STR_TOKEN Statements IL_ENDFUNC ';' STR_TOKEN

   25 MacroState: MACRO_START STR_TOKEN Statements MACRO_END
   26           | MACRO_START STR_TOKEN ';' STR_TOKEN Statements MACRO_END ';' STR_TOKEN
   27           | MACRO_START STR_TOKEN ';' STR_TOKEN ';' STR_TOKEN Statements MACRO_END ';' STR_TOKEN

   28 DBGState: DBG_START Statements DBG_END
   29         | DBG_START DBG_END

   30 DataState: DATA_START ':' STR_TOKEN ':' STR_TOKEN DataEntries ';' '#' DATA_END ':' INT_TOKEN
   31          | DATA_START ':' STR_TOKEN DataEntries ';' '#' DATA_END

   32 DataEntries: DataEntry
   33            | DataEntries DataEntry

   34 DataEntry: ';' '#' CompoundToken ':' StrList

   35 Statements: STR_TOKEN
   36           | Statements STR_TOKEN

   37 MDState: ARG_START ':' STR_TOKEN MDStmts ARG_END ':' STR_TOKEN

   38 MDStmts: MDStmt
   39        | MDStmts MDStmt

   40 MDStmt: MD_STRING ':' CompoundToken
   41       | MD_ERRWAR ':' CompoundToken ':' SpaceCompoundToken
   42       | MD_REFLECTION ':' INT_TOKEN ':' CompoundToken
   43       | MD_CONSTARG ':' INT_TOKEN ':' CompoundToken
   44       | MD_MEMORY ':' STR_TOKEN ':' INT_TOKEN
   45       | MD_MEMORY ':' STR_TOKEN
   46       | MD_INT ':' INT_TOKEN
   47       | MD_SAMPLER ':' CompoundToken ':' INT_TOKEN ':' INT_TOKEN ':' INT_TOKEN
   48       | MD_IMAGE ':' CompoundToken ':' CompoundToken ':' STR_TOKEN ':' INT_TOKEN ':' INT_TOKEN ':' INT_TOKEN
   49       | MD_SEMAPHORE ':' CompoundToken ':' INT_TOKEN ':' INT_TOKEN ':' INT_TOKEN
   50       | MD_COUNTER ':' CompoundToken ':' INT_TOKEN ':' INT_TOKEN ':' INT_TOKEN ':' INT_TOKEN
   51       | MD_VALUE ':' CompoundToken ':' CompoundToken ':' INT_TOKEN ':' INT_TOKEN ':' INT_TOKEN
   52       | MD_POINTER ':' CompoundToken ':' CompoundToken ':' INT_TOKEN ':' INT_TOKEN ':' INT_TOKEN ':' STR_TOKEN ':' INT_TOKEN ':' INT_TOKEN
   53       | MD_POINTER ':' CompoundToken ':' CompoundToken ':' INT_TOKEN ':' INT_TOKEN ':' INT_TOKEN ':' STR_TOKEN ':' INT_TOKEN ':' INT_TOKEN ':' STR_TOKEN
   54       | MD_POINTER ':' CompoundToken ':' CompoundToken ':' INT_TOKEN ':' INT_TOKEN ':' INT_TOKEN ':' STR_TOKEN ':' INT_TOKEN ':' INT_TOKEN ':' STR_TOKEN ':' INT_TOKEN ':' INT_TOKEN
   55       | MD_POINTER ':' CompoundToken ':' CompoundToken ':' INT_TOKEN ':' INT_TOKEN ':' INT_TOKEN ':' STR_TOKEN ':' INT_TOKEN ':' INT_TOKEN ':' STR_TOKEN ':' INT_TOKEN ':' INT_TOKEN ':' INT_TOKEN
   56       | MD_INTLIST ':' IntList
   57       | MD_PRINTF ':' IntList ':' STR_TOKEN
   58       | MD_LGS
   59       | MD_QUEUE ':' CompoundToken ':' CompoundToken ':' INT_TOKEN ':' INT_TOKEN ':' INT_TOKEN ':' STR_TOKEN

   60 CompoundToken: CompoundToken INT_TOKEN
   61              | CompoundToken STR_TOKEN
   62              | STR_TOKEN
   63              | INT_TOKEN

   64 SpaceCompoundToken: SpaceCompoundToken INT_TOKEN
   65                   | SpaceCompoundToken STR_TOKEN
   66                   | STR_TOKEN
   67                   | INT_TOKEN

   68 IntList: INT_TOKEN
   69        | IntList ':' INT_TOKEN

   70 StrList: STR_TOKEN
   71        | StrList ':' STR_TOKEN


Terminals, with rules where they appear

$end (0) 0
'#' (35) 30 31 34
':' (58) 30 31 34 37 40 41 42 43 44 45 46 47 48 49 50 51 52 53 54 55
    56 57 59 69 71
';' (59) 23 24 26 27 30 31 34
error (256)
INT_TOKEN (258) 30 42 43 44 46 47 48 49 50 51 52 53 54 55 59 60 63
    64 67 68 69
STR_TOKEN (259) 12 23 24 25 26 27 30 31 35 36 37 44 45 48 52 53 54
    55 57 59 61 62 65 66 70 71
MD_VALUE (260) 51
MD_SAMPLER (261) 47
MD_MEMORY (262) 44 45
MD_COUNTER (263) 50
MD_INT (264) 46
MD_INTLIST (265) 56
MD_QUEUE (266) 59
MD_POINTER (267) 52 53 54 55
MD_IMAGE (268) 48
MD_PRINTF (269) 57
MD_STRING (270) 40
MD_LGS (271) 58
MD_SEMAPHORE (272) 49
MD_REFLECTION (273) 42
MD_CONSTARG (274) 43
MD_ERRWAR (275) 41
ARG_START (276) 37
ARG_END (277) 37
IL_VERSION (278) 11
IL_FUNC (279) 23 24
IL_ENDFUNC (280) 23 24
IL_ENDMAIN (281) 11
MACRO_START (282) 25 26 27
MACRO_END (283) 25 26 27
DBG_START (284) 28 29
DBG_END (285) 28 29
DATA_START (286) 30 31
DATA_END (287) 30 31


Nonterminals, with rules where they appear

$accept (36)
    on left: 0
ILProgram (37)
    on left: 1, on right: 0
CompUnits (38)
    on left: 2 3, on right: 1 3
CompUnit (39)
    on left: 4 5 6 7 8 9 10, on right: 2 3
ILMain (40)
    on left: 11, on right: 9
CompUnitEnd (41)
    on left: 12, on right: 4
ILStates (42)
    on left: 13 14, on right: 5 14
MacroStates (43)
    on left: 15 16, on right: 6 16
DBGStates (44)
    on left: 17 18, on right: 7 18
DataStates (45)
    on left: 19 20, on right: 10 20
MDStates (46)
    on left: 21 22, on right: 8 22
ILState (47)
    on left: 23 24, on right: 13 14
MacroState (48)
    on left: 25 26 27, on right: 15 16
DBGState (49)
    on left: 28 29, on right: 17 18
DataState (50)
    on left: 30 31, on right: 19 20
DataEntries (51)
    on left: 32 33, on right: 30 31 33
DataEntry (52)
    on left: 34, on right: 32 33
Statements (53)
    on left: 35 36, on right: 11 23 24 25 26 27 28 36
MDState (54)
    on left: 37, on right: 21 22
MDStmts (55)
    on left: 38 39, on right: 37 39
MDStmt (56)
    on left: 40 41 42 43 44 45 46 47 48 49 50 51 52 53 54 55 56 57
    58 59, on right: 38 39
CompoundToken (57)
    on left: 60 61 62 63, on right: 34 40 41 42 43 47 48 49 50 51 52
    53 54 55 59 60 61
SpaceCompoundToken (58)
    on left: 64 65 66 67, on right: 41 64 65
IntList (59)
    on left: 68 69, on right: 56 57 69
StrList (60)
    on left: 70 71, on right: 34 71


State 0

    0 $accept: . ILProgram $end

    STR_TOKEN    shift, and go to state 1
    ARG_START    shift, and go to state 2
    IL_VERSION   shift, and go to state 3
    IL_FUNC      shift, and go to state 4
    MACRO_START  shift, and go to state 5
    DBG_START    shift, and go to state 6
    DATA_START   shift, and go to state 7

    ILProgram    go to state 8
    CompUnits    go to state 9
    CompUnit     go to state 10
    ILMain       go to state 11
    CompUnitEnd  go to state 12
    ILStates     go to state 13
    MacroStates  go to state 14
    DBGStates    go to state 15
    DataStates   go to state 16
    MDStates     go to state 17
    ILState      go to state 18
    MacroState   go to state 19
    DBGState     go to state 20
    DataState    go to state 21
    MDState      go to state 22


State 1

   12 CompUnitEnd: STR_TOKEN .

    $default  reduce using rule 12 (CompUnitEnd)


State 2

   37 MDState: ARG_START . ':' STR_TOKEN MDStmts ARG_END ':' STR_TOKEN

    ':'  shift, and go to state 23


State 3

   11 ILMain: IL_VERSION . Statements IL_ENDMAIN

    STR_TOKEN  shift, and go to state 24

    Statements  go to state 25


State 4

   23 ILState: IL_FUNC . STR_TOKEN ';' STR_TOKEN Statements IL_ENDFUNC ';' STR_TOKEN
   24        | IL_FUNC . STR_TOKEN ';' STR_TOKEN ';' STR_TOKEN Statements IL_ENDFUNC ';' STR_TOKEN

    STR_TOKEN  shift, and go to state 26


State 5

   25 MacroState: MACRO_START . STR_TOKEN Statements MACRO_END
   26           | MACRO_START . STR_TOKEN ';' STR_TOKEN Statements MACRO_END ';' STR_TOKEN
   27           | MACRO_START . STR_TOKEN ';' STR_TOKEN ';' STR_TOKEN Statements MACRO_END ';' STR_TOKEN

    STR_TOKEN  shift, and go to state 27


State 6

   28 DBGState: DBG_START . Statements DBG_END
   29         | DBG_START . DBG_END

    STR_TOKEN  shift, and go to state 24
    DBG_END    shift, and go to state 28

    Statements  go to state 29


State 7

   30 DataState: DATA_START . ':' STR_TOKEN ':' STR_TOKEN DataEntries ';' '#' DATA_END ':' INT_TOKEN
   31          | DATA_START . ':' STR_TOKEN DataEntries ';' '#' DATA_END

    ':'  shift, and go to state 30


State 8

    0 $accept: ILProgram . $end

    $end  shift, and go to state 31


State 9

    1 ILProgram: CompUnits .
    3 CompUnits: CompUnits . CompUnit

    STR_TOKEN    shift, and go to state 1
    ARG_START    shift, and go to state 2
    IL_VERSION   shift, and go to state 3
    IL_FUNC      shift, and go to state 4
    MACRO_START  shift, and go to state 5
    DBG_START    shift, and go to state 6
    DATA_START   shift, and go to state 7

    $default  reduce using rule 1 (ILProgram)

    CompUnit     go to state 32
    ILMain       go to state 11
    CompUnitEnd  go to state 12
    ILStates     go to state 13
    MacroStates  go to state 14
    DBGStates    go to state 15
    DataStates   go to state 16
    MDStates     go to state 17
    ILState      go to state 18
    MacroState   go to state 19
    DBGState     go to state 20
    DataState    go to state 21
    MDState      go to state 22


State 10

    2 CompUnits: CompUnit .

    $default  reduce using rule 2 (CompUnits)


State 11

    9 CompUnit: ILMain .

    $default  reduce using rule 9 (CompUnit)


State 12

    4 CompUnit: CompUnitEnd .

    $default  reduce using rule 4 (CompUnit)


State 13

    5 CompUnit: ILStates .
   14 ILStates: ILStates . ILState

    IL_FUNC  shift, and go to state 4

    IL_FUNC   [reduce using rule 5 (CompUnit)]
    $default  reduce using rule 5 (CompUnit)

    ILState  go to state 33


State 14

    6 CompUnit: MacroStates .
   16 MacroStates: MacroStates . MacroState

    MACRO_START  shift, and go to state 5

    MACRO_START  [reduce using rule 6 (CompUnit)]
    $default     reduce using rule 6 (CompUnit)

    MacroState  go to state 34


State 15

    7 CompUnit: DBGStates .
   18 DBGStates: DBGStates . DBGState

    DBG_START  shift, and go to state 6

    DBG_START  [reduce using rule 7 (CompUnit)]
    $default   reduce using rule 7 (CompUnit)

    DBGState  go to state 35


State 16

   10 CompUnit: DataStates .
   20 DataStates: DataStates . DataState

    DATA_START  shift, and go to state 7

    DATA_START  [reduce using rule 10 (CompUnit)]
    $default    reduce using rule 10 (CompUnit)

    DataState  go to state 36


State 17

    8 CompUnit: MDStates .
   22 MDStates: MDStates . MDState

    ARG_START  shift, and go to state 2

    ARG_START  [reduce using rule 8 (CompUnit)]
    $default   reduce using rule 8 (CompUnit)

    MDState  go to state 37


State 18

   13 ILStates: ILState .

    $default  reduce using rule 13 (ILStates)


State 19

   15 MacroStates: MacroState .

    $default  reduce using rule 15 (MacroStates)


State 20

   17 DBGStates: DBGState .

    $default  reduce using rule 17 (DBGStates)


State 21

   19 DataStates: DataState .

    $default  reduce using rule 19 (DataStates)


State 22

   21 MDStates: MDState .

    $default  reduce using rule 21 (MDStates)


State 23

   37 MDState: ARG_START ':' . STR_TOKEN MDStmts ARG_END ':' STR_TOKEN

    STR_TOKEN  shift, and go to state 38


State 24

   35 Statements: STR_TOKEN .

    $default  reduce using rule 35 (Statements)


State 25

   11 ILMain: IL_VERSION Statements . IL_ENDMAIN
   36 Statements: Statements . STR_TOKEN

    STR_TOKEN   shift, and go to state 39
    IL_ENDMAIN  shift, and go to state 40


State 26

   23 ILState: IL_FUNC STR_TOKEN . ';' STR_TOKEN Statements IL_ENDFUNC ';' STR_TOKEN
   24        | IL_FUNC STR_TOKEN . ';' STR_TOKEN ';' STR_TOKEN Statements IL_ENDFUNC ';' STR_TOKEN

    ';'  shift, and go to state 41


State 27

   25 MacroState: MACRO_START STR_TOKEN . Statements MACRO_END
   26           | MACRO_START STR_TOKEN . ';' STR_TOKEN Statements MACRO_END ';' STR_TOKEN
   27           | MACRO_START STR_TOKEN . ';' STR_TOKEN ';' STR_TOKEN Statements MACRO_END ';' STR_TOKEN

    STR_TOKEN  shift, and go to state 24
    ';'        shift, and go to state 42

    Statements  go to state 43


State 28

   29 DBGState: DBG_START DBG_END .

    $default  reduce using rule 29 (DBGState)


State 29

   28 DBGState: DBG_START Statements . DBG_END
   36 Statements: Statements . STR_TOKEN

    STR_TOKEN  shift, and go to state 39
    DBG_END    shift, and go to state 44


State 30

   30 DataState: DATA_START ':' . STR_TOKEN ':' STR_TOKEN DataEntries ';' '#' DATA_END ':' INT_TOKEN
   31          | DATA_START ':' . STR_TOKEN DataEntries ';' '#' DATA_END

    STR_TOKEN  shift, and go to state 45


State 31

    0 $accept: ILProgram $end .

    $default  accept


State 32

    3 CompUnits: CompUnits CompUnit .

    $default  reduce using rule 3 (CompUnits)


State 33

   14 ILStates: ILStates ILState .

    $default  reduce using rule 14 (ILStates)


State 34

   16 MacroStates: MacroStates MacroState .

    $default  reduce using rule 16 (MacroStates)


State 35

   18 DBGStates: DBGStates DBGState .

    $default  reduce using rule 18 (DBGStates)


State 36

   20 DataStates: DataStates DataState .

    $default  reduce using rule 20 (DataStates)


State 37

   22 MDStates: MDStates MDState .

    $default  reduce using rule 22 (MDStates)


State 38

   37 MDState: ARG_START ':' STR_TOKEN . MDStmts ARG_END ':' STR_TOKEN

    MD_VALUE       shift, and go to state 46
    MD_SAMPLER     shift, and go to state 47
    MD_MEMORY      shift, and go to state 48
    MD_COUNTER     shift, and go to state 49
    MD_INT         shift, and go to state 50
    MD_INTLIST     shift, and go to state 51
    MD_QUEUE       shift, and go to state 52
    MD_POINTER     shift, and go to state 53
    MD_IMAGE       shift, and go to state 54
    MD_PRINTF      shift, and go to state 55
    MD_STRING      shift, and go to state 56
    MD_LGS         shift, and go to state 57
    MD_SEMAPHORE   shift, and go to state 58
    MD_REFLECTION  shift, and go to state 59
    MD_CONSTARG    shift, and go to state 60
    MD_ERRWAR      shift, and go to state 61

    MDStmts  go to state 62
    MDStmt   go to state 63


State 39

   36 Statements: Statements STR_TOKEN .

    $default  reduce using rule 36 (Statements)


State 40

   11 ILMain: IL_VERSION Statements IL_ENDMAIN .

    $default  reduce using rule 11 (ILMain)


State 41

   23 ILState: IL_FUNC STR_TOKEN ';' . STR_TOKEN Statements IL_ENDFUNC ';' STR_TOKEN
   24        | IL_FUNC STR_TOKEN ';' . STR_TOKEN ';' STR_TOKEN Statements IL_ENDFUNC ';' STR_TOKEN

    STR_TOKEN  shift, and go to state 64


State 42

   26 MacroState: MACRO_START STR_TOKEN ';' . STR_TOKEN Statements MACRO_END ';' STR_TOKEN
   27           | MACRO_START STR_TOKEN ';' . STR_TOKEN ';' STR_TOKEN Statements MACRO_END ';' STR_TOKEN

    STR_TOKEN  shift, and go to state 65


State 43

   25 MacroState: MACRO_START STR_TOKEN Statements . MACRO_END
   36 Statements: Statements . STR_TOKEN

    STR_TOKEN  shift, and go to state 39
    MACRO_END  shift, and go to state 66


State 44

   28 DBGState: DBG_START Statements DBG_END .

    $default  reduce using rule 28 (DBGState)


State 45

   30 DataState: DATA_START ':' STR_TOKEN . ':' STR_TOKEN DataEntries ';' '#' DATA_END ':' INT_TOKEN
   31          | DATA_START ':' STR_TOKEN . DataEntries ';' '#' DATA_END

    ';'  shift, and go to state 67
    ':'  shift, and go to state 68

    DataEntries  go to state 69
    DataEntry    go to state 70


State 46

   51 MDStmt: MD_VALUE . ':' CompoundToken ':' CompoundToken ':' INT_TOKEN ':' INT_TOKEN ':' INT_TOKEN

    ':'  shift, and go to state 71


State 47

   47 MDStmt: MD_SAMPLER . ':' CompoundToken ':' INT_TOKEN ':' INT_TOKEN ':' INT_TOKEN

    ':'  shift, and go to state 72


State 48

   44 MDStmt: MD_MEMORY . ':' STR_TOKEN ':' INT_TOKEN
   45       | MD_MEMORY . ':' STR_TOKEN

    ':'  shift, and go to state 73


State 49

   50 MDStmt: MD_COUNTER . ':' CompoundToken ':' INT_TOKEN ':' INT_TOKEN ':' INT_TOKEN ':' INT_TOKEN

    ':'  shift, and go to state 74


State 50

   46 MDStmt: MD_INT . ':' INT_TOKEN

    ':'  shift, and go to state 75


State 51

   56 MDStmt: MD_INTLIST . ':' IntList

    ':'  shift, and go to state 76


State 52

   59 MDStmt: MD_QUEUE . ':' CompoundToken ':' CompoundToken ':' INT_TOKEN ':' INT_TOKEN ':' INT_TOKEN ':' STR_TOKEN

    ':'  shift, and go to state 77


State 53

   52 MDStmt: MD_POINTER . ':' CompoundToken ':' CompoundToken ':' INT_TOKEN ':' INT_TOKEN ':' INT_TOKEN ':' STR_TOKEN ':' INT_TOKEN ':' INT_TOKEN
   53       | MD_POINTER . ':' CompoundToken ':' CompoundToken ':' INT_TOKEN ':' INT_TOKEN ':' INT_TOKEN ':' STR_TOKEN ':' INT_TOKEN ':' INT_TOKEN ':' STR_TOKEN
   54       | MD_POINTER . ':' CompoundToken ':' CompoundToken ':' INT_TOKEN ':' INT_TOKEN ':' INT_TOKEN ':' STR_TOKEN ':' INT_TOKEN ':' INT_TOKEN ':' STR_TOKEN ':' INT_TOKEN ':' INT_TOKEN
   55       | MD_POINTER . ':' CompoundToken ':' CompoundToken ':' INT_TOKEN ':' INT_TOKEN ':' INT_TOKEN ':' STR_TOKEN ':' INT_TOKEN ':' INT_TOKEN ':' STR_TOKEN ':' INT_TOKEN ':' INT_TOKEN ':' INT_TOKEN

    ':'  shift, and go to state 78


State 54

   48 MDStmt: MD_IMAGE . ':' CompoundToken ':' CompoundToken ':' STR_TOKEN ':' INT_TOKEN ':' INT_TOKEN ':' INT_TOKEN

    ':'  shift, and go to state 79


State 55

   57 MDStmt: MD_PRINTF . ':' IntList ':' STR_TOKEN

    ':'  shift, and go to state 80


State 56

   40 MDStmt: MD_STRING . ':' CompoundToken

    ':'  shift, and go to state 81


State 57

   58 MDStmt: MD_LGS .

    $default  reduce using rule 58 (MDStmt)


State 58

   49 MDStmt: MD_SEMAPHORE . ':' CompoundToken ':' INT_TOKEN ':' INT_TOKEN ':' INT_TOKEN

    ':'  shift, and go to state 82


State 59

   42 MDStmt: MD_REFLECTION . ':' INT_TOKEN ':' CompoundToken

    ':'  shift, and go to state 83


State 60

   43 MDStmt: MD_CONSTARG . ':' INT_TOKEN ':' CompoundToken

    ':'  shift, and go to state 84


State 61

   41 MDStmt: MD_ERRWAR . ':' CompoundToken ':' SpaceCompoundToken

    ':'  shift, and go to state 85


State 62

   37 MDState: ARG_START ':' STR_TOKEN MDStmts . ARG_END ':' STR_TOKEN
   39 MDStmts: MDStmts . MDStmt

    MD_VALUE       shift, and go to state 46
    MD_SAMPLER     shift, and go to state 47
    MD_MEMORY      shift, and go to state 48
    MD_COUNTER     shift, and go to state 49
    MD_INT         shift, and go to state 50
    MD_INTLIST     shift, and go to state 51
    MD_QUEUE       shift, and go to state 52
    MD_POINTER     shift, and go to state 53
    MD_IMAGE       shift, and go to state 54
    MD_PRINTF      shift, and go to state 55
    MD_STRING      shift, and go to state 56
    MD_LGS         shift, and go to state 57
    MD_SEMAPHORE   shift, and go to state 58
    MD_REFLECTION  shift, and go to state 59
    MD_CONSTARG    shift, and go to state 60
    MD_ERRWAR      shift, and go to state 61
    ARG_END        shift, and go to state 86

    MDStmt  go to state 87


State 63

   38 MDStmts: MDStmt .

    $default  reduce using rule 38 (MDStmts)


State 64

   23 ILState: IL_FUNC STR_TOKEN ';' STR_TOKEN . Statements IL_ENDFUNC ';' STR_TOKEN
   24        | IL_FUNC STR_TOKEN ';' STR_TOKEN . ';' STR_TOKEN Statements IL_ENDFUNC ';' STR_TOKEN

    STR_TOKEN  shift, and go to state 24
    ';'        shift, and go to state 88

    Statements  go to state 89


State 65

   26 MacroState: MACRO_START STR_TOKEN ';' STR_TOKEN . Statements MACRO_END ';' STR_TOKEN
   27           | MACRO_START STR_TOKEN ';' STR_TOKEN . ';' STR_TOKEN Statements MACRO_END ';' STR_TOKEN

    STR_TOKEN  shift, and go to state 24
    ';'        shift, and go to state 90

    Statements  go to state 91


State 66

   25 MacroState: MACRO_START STR_TOKEN Statements MACRO_END .

    $default  reduce using rule 25 (MacroState)


State 67

   34 DataEntry: ';' . '#' CompoundToken ':' StrList

    '#'  shift, and go to state 92


State 68

   30 DataState: DATA_START ':' STR_TOKEN ':' . STR_TOKEN DataEntries ';' '#' DATA_END ':' INT_TOKEN

    STR_TOKEN  shift, and go to state 93


State 69

   31 DataState: DATA_START ':' STR_TOKEN DataEntries . ';' '#' DATA_END
   33 DataEntries: DataEntries . DataEntry

    ';'  shift, and go to state 94

    DataEntry  go to state 95


State 70

   32 DataEntries: DataEntry .

    $default  reduce using rule 32 (DataEntries)


State 71

   51 MDStmt: MD_VALUE ':' . CompoundToken ':' CompoundToken ':' INT_TOKEN ':' INT_TOKEN ':' INT_TOKEN

    INT_TOKEN  shift, and go to state 96
    STR_TOKEN  shift, and go to state 97

    CompoundToken  go to state 98


State 72

   47 MDStmt: MD_SAMPLER ':' . CompoundToken ':' INT_TOKEN ':' INT_TOKEN ':' INT_TOKEN

    INT_TOKEN  shift, and go to state 96
    STR_TOKEN  shift, and go to state 97

    CompoundToken  go to state 99


State 73

   44 MDStmt: MD_MEMORY ':' . STR_TOKEN ':' INT_TOKEN
   45       | MD_MEMORY ':' . STR_TOKEN

    STR_TOKEN  shift, and go to state 100


State 74

   50 MDStmt: MD_COUNTER ':' . CompoundToken ':' INT_TOKEN ':' INT_TOKEN ':' INT_TOKEN ':' INT_TOKEN

    INT_TOKEN  shift, and go to state 96
    STR_TOKEN  shift, and go to state 97

    CompoundToken  go to state 101


State 75

   46 MDStmt: MD_INT ':' . INT_TOKEN

    INT_TOKEN  shift, and go to state 102


State 76

   56 MDStmt: MD_INTLIST ':' . IntList

    INT_TOKEN  shift, and go to state 103

    IntList  go to state 104


State 77

   59 MDStmt: MD_QUEUE ':' . CompoundToken ':' CompoundToken ':' INT_TOKEN ':' INT_TOKEN ':' INT_TOKEN ':' STR_TOKEN

    INT_TOKEN  shift, and go to state 96
    STR_TOKEN  shift, and go to state 97

    CompoundToken  go to state 105


State 78

   52 MDStmt: MD_POINTER ':' . CompoundToken ':' CompoundToken ':' INT_TOKEN ':' INT_TOKEN ':' INT_TOKEN ':' STR_TOKEN ':' INT_TOKEN ':' INT_TOKEN
   53       | MD_POINTER ':' . CompoundToken ':' CompoundToken ':' INT_TOKEN ':' INT_TOKEN ':' INT_TOKEN ':' STR_TOKEN ':' INT_TOKEN ':' INT_TOKEN ':' STR_TOKEN
   54       | MD_POINTER ':' . CompoundToken ':' CompoundToken ':' INT_TOKEN ':' INT_TOKEN ':' INT_TOKEN ':' STR_TOKEN ':' INT_TOKEN ':' INT_TOKEN ':' STR_TOKEN ':' INT_TOKEN ':' INT_TOKEN
   55       | MD_POINTER ':' . CompoundToken ':' CompoundToken ':' INT_TOKEN ':' INT_TOKEN ':' INT_TOKEN ':' STR_TOKEN ':' INT_TOKEN ':' INT_TOKEN ':' STR_TOKEN ':' INT_TOKEN ':' INT_TOKEN ':' INT_TOKEN

    INT_TOKEN  shift, and go to state 96
    STR_TOKEN  shift, and go to state 97

    CompoundToken  go to state 106


State 79

   48 MDStmt: MD_IMAGE ':' . CompoundToken ':' CompoundToken ':' STR_TOKEN ':' INT_TOKEN ':' INT_TOKEN ':' INT_TOKEN

    INT_TOKEN  shift, and go to state 96
    STR_TOKEN  shift, and go to state 97

    CompoundToken  go to state 107


State 80

   57 MDStmt: MD_PRINTF ':' . IntList ':' STR_TOKEN

    INT_TOKEN  shift, and go to state 103

    IntList  go to state 108


State 81

   40 MDStmt: MD_STRING ':' . CompoundToken

    INT_TOKEN  shift, and go to state 96
    STR_TOKEN  shift, and go to state 97

    CompoundToken  go to state 109


State 82

   49 MDStmt: MD_SEMAPHORE ':' . CompoundToken ':' INT_TOKEN ':' INT_TOKEN ':' INT_TOKEN

    INT_TOKEN  shift, and go to state 96
    STR_TOKEN  shift, and go to state 97

    CompoundToken  go to state 110


State 83

   42 MDStmt: MD_REFLECTION ':' . INT_TOKEN ':' CompoundToken

    INT_TOKEN  shift, and go to state 111


State 84

   43 MDStmt: MD_CONSTARG ':' . INT_TOKEN ':' CompoundToken

    INT_TOKEN  shift, and go to state 112


State 85

   41 MDStmt: MD_ERRWAR ':' . CompoundToken ':' SpaceCompoundToken

    INT_TOKEN  shift, and go to state 96
    STR_TOKEN  shift, and go to state 97

    CompoundToken  go to state 113


State 86

   37 MDState: ARG_START ':' STR_TOKEN MDStmts ARG_END . ':' STR_TOKEN

    ':'  shift, and go to state 114


State 87

   39 MDStmts: MDStmts MDStmt .

    $default  reduce using rule 39 (MDStmts)


State 88

   24 ILState: IL_FUNC STR_TOKEN ';' STR_TOKEN ';' . STR_TOKEN Statements IL_ENDFUNC ';' STR_TOKEN

    STR_TOKEN  shift, and go to state 115


State 89

   23 ILState: IL_FUNC STR_TOKEN ';' STR_TOKEN Statements . IL_ENDFUNC ';' STR_TOKEN
   36 Statements: Statements . STR_TOKEN

    STR_TOKEN   shift, and go to state 39
    IL_ENDFUNC  shift, and go to state 116


State 90

   27 MacroState: MACRO_START STR_TOKEN ';' STR_TOKEN ';' . STR_TOKEN Statements MACRO_END ';' STR_TOKEN

    STR_TOKEN  shift, and go to state 117


State 91

   26 MacroState: MACRO_START STR_TOKEN ';' STR_TOKEN Statements . MACRO_END ';' STR_TOKEN
   36 Statements: Statements . STR_TOKEN

    STR_TOKEN  shift, and go to state 39
    MACRO_END  shift, and go to state 118


State 92

   34 DataEntry: ';' '#' . CompoundToken ':' StrList

    INT_TOKEN  shift, and go to state 96
    STR_TOKEN  shift, and go to state 97

    CompoundToken  go to state 119


State 93

   30 DataState: DATA_START ':' STR_TOKEN ':' STR_TOKEN . DataEntries ';' '#' DATA_END ':' INT_TOKEN

    ';'  shift, and go to state 67

    DataEntries  go to state 120
    DataEntry    go to state 70


State 94

   31 DataState: DATA_START ':' STR_TOKEN DataEntries ';' . '#' DATA_END
   34 DataEntry: ';' . '#' CompoundToken ':' StrList

    '#'  shift, and go to state 121


State 95

   33 DataEntries: DataEntries DataEntry .

    $default  reduce using rule 33 (DataEntries)


State 96

   63 CompoundToken: INT_TOKEN .

    $default  reduce using rule 63 (CompoundToken)


State 97

   62 CompoundToken: STR_TOKEN .

    $default  reduce using rule 62 (CompoundToken)


State 98

   51 MDStmt: MD_VALUE ':' CompoundToken . ':' CompoundToken ':' INT_TOKEN ':' INT_TOKEN ':' INT_TOKEN
   60 CompoundToken: CompoundToken . INT_TOKEN
   61              | CompoundToken . STR_TOKEN

    INT_TOKEN  shift, and go to state 122
    STR_TOKEN  shift, and go to state 123
    ':'        shift, and go to state 124


State 99

   47 MDStmt: MD_SAMPLER ':' CompoundToken . ':' INT_TOKEN ':' INT_TOKEN ':' INT_TOKEN
   60 CompoundToken: CompoundToken . INT_TOKEN
   61              | CompoundToken . STR_TOKEN

    INT_TOKEN  shift, and go to state 122
    STR_TOKEN  shift, and go to state 123
    ':'        shift, and go to state 125


State 100

   44 MDStmt: MD_MEMORY ':' STR_TOKEN . ':' INT_TOKEN
   45       | MD_MEMORY ':' STR_TOKEN .

    ':'  shift, and go to state 126

    $default  reduce using rule 45 (MDStmt)


State 101

   50 MDStmt: MD_COUNTER ':' CompoundToken . ':' INT_TOKEN ':' INT_TOKEN ':' INT_TOKEN ':' INT_TOKEN
   60 CompoundToken: CompoundToken . INT_TOKEN
   61              | CompoundToken . STR_TOKEN

    INT_TOKEN  shift, and go to state 122
    STR_TOKEN  shift, and go to state 123
    ':'        shift, and go to state 127


State 102

   46 MDStmt: MD_INT ':' INT_TOKEN .

    $default  reduce using rule 46 (MDStmt)


State 103

   68 IntList: INT_TOKEN .

    $default  reduce using rule 68 (IntList)


State 104

   56 MDStmt: MD_INTLIST ':' IntList .
   69 IntList: IntList . ':' INT_TOKEN

    ':'  shift, and go to state 128

    $default  reduce using rule 56 (MDStmt)


State 105

   59 MDStmt: MD_QUEUE ':' CompoundToken . ':' CompoundToken ':' INT_TOKEN ':' INT_TOKEN ':' INT_TOKEN ':' STR_TOKEN
   60 CompoundToken: CompoundToken . INT_TOKEN
   61              | CompoundToken . STR_TOKEN

    INT_TOKEN  shift, and go to state 122
    STR_TOKEN  shift, and go to state 123
    ':'        shift, and go to state 129


State 106

   52 MDStmt: MD_POINTER ':' CompoundToken . ':' CompoundToken ':' INT_TOKEN ':' INT_TOKEN ':' INT_TOKEN ':' STR_TOKEN ':' INT_TOKEN ':' INT_TOKEN
   53       | MD_POINTER ':' CompoundToken . ':' CompoundToken ':' INT_TOKEN ':' INT_TOKEN ':' INT_TOKEN ':' STR_TOKEN ':' INT_TOKEN ':' INT_TOKEN ':' STR_TOKEN
   54       | MD_POINTER ':' CompoundToken . ':' CompoundToken ':' INT_TOKEN ':' INT_TOKEN ':' INT_TOKEN ':' STR_TOKEN ':' INT_TOKEN ':' INT_TOKEN ':' STR_TOKEN ':' INT_TOKEN ':' INT_TOKEN
   55       | MD_POINTER ':' CompoundToken . ':' CompoundToken ':' INT_TOKEN ':' INT_TOKEN ':' INT_TOKEN ':' STR_TOKEN ':' INT_TOKEN ':' INT_TOKEN ':' STR_TOKEN ':' INT_TOKEN ':' INT_TOKEN ':' INT_TOKEN
   60 CompoundToken: CompoundToken . INT_TOKEN
   61              | CompoundToken . STR_TOKEN

    INT_TOKEN  shift, and go to state 122
    STR_TOKEN  shift, and go to state 123
    ':'        shift, and go to state 130


State 107

   48 MDStmt: MD_IMAGE ':' CompoundToken . ':' CompoundToken ':' STR_TOKEN ':' INT_TOKEN ':' INT_TOKEN ':' INT_TOKEN
   60 CompoundToken: CompoundToken . INT_TOKEN
   61              | CompoundToken . STR_TOKEN

    INT_TOKEN  shift, and go to state 122
    STR_TOKEN  shift, and go to state 123
    ':'        shift, and go to state 131


State 108

   57 MDStmt: MD_PRINTF ':' IntList . ':' STR_TOKEN
   69 IntList: IntList . ':' INT_TOKEN

    ':'  shift, and go to state 132


State 109

   40 MDStmt: MD_STRING ':' CompoundToken .
   60 CompoundToken: CompoundToken . INT_TOKEN
   61              | CompoundToken . STR_TOKEN

    INT_TOKEN  shift, and go to state 122
    STR_TOKEN  shift, and go to state 123

    $default  reduce using rule 40 (MDStmt)


State 110

   49 MDStmt: MD_SEMAPHORE ':' CompoundToken . ':' INT_TOKEN ':' INT_TOKEN ':' INT_TOKEN
   60 CompoundToken: CompoundToken . INT_TOKEN
   61              | CompoundToken . STR_TOKEN

    INT_TOKEN  shift, and go to state 122
    STR_TOKEN  shift, and go to state 123
    ':'        shift, and go to state 133


State 111

   42 MDStmt: MD_REFLECTION ':' INT_TOKEN . ':' CompoundToken

    ':'  shift, and go to state 134


State 112

   43 MDStmt: MD_CONSTARG ':' INT_TOKEN . ':' CompoundToken

    ':'  shift, and go to state 135


State 113

   41 MDStmt: MD_ERRWAR ':' CompoundToken . ':' SpaceCompoundToken
   60 CompoundToken: CompoundToken . INT_TOKEN
   61              | CompoundToken . STR_TOKEN

    INT_TOKEN  shift, and go to state 122
    STR_TOKEN  shift, and go to state 123
    ':'        shift, and go to state 136


State 114

   37 MDState: ARG_START ':' STR_TOKEN MDStmts ARG_END ':' . STR_TOKEN

    STR_TOKEN  shift, and go to state 137


State 115

   24 ILState: IL_FUNC STR_TOKEN ';' STR_TOKEN ';' STR_TOKEN . Statements IL_ENDFUNC ';' STR_TOKEN

    STR_TOKEN  shift, and go to state 24

    Statements  go to state 138


State 116

   23 ILState: IL_FUNC STR_TOKEN ';' STR_TOKEN Statements IL_ENDFUNC . ';' STR_TOKEN

    ';'  shift, and go to state 139


State 117

   27 MacroState: MACRO_START STR_TOKEN ';' STR_TOKEN ';' STR_TOKEN . Statements MACRO_END ';' STR_TOKEN

    STR_TOKEN  shift, and go to state 24

    Statements  go to state 140


State 118

   26 MacroState: MACRO_START STR_TOKEN ';' STR_TOKEN Statements MACRO_END . ';' STR_TOKEN

    ';'  shift, and go to state 141


State 119

   34 DataEntry: ';' '#' CompoundToken . ':' StrList
   60 CompoundToken: CompoundToken . INT_TOKEN
   61              | CompoundToken . STR_TOKEN

    INT_TOKEN  shift, and go to state 122
    STR_TOKEN  shift, and go to state 123
    ':'        shift, and go to state 142


State 120

   30 DataState: DATA_START ':' STR_TOKEN ':' STR_TOKEN DataEntries . ';' '#' DATA_END ':' INT_TOKEN
   33 DataEntries: DataEntries . DataEntry

    ';'  shift, and go to state 143

    DataEntry  go to state 95


State 121

   31 DataState: DATA_START ':' STR_TOKEN DataEntries ';' '#' . DATA_END
   34 DataEntry: ';' '#' . CompoundToken ':' StrList

    INT_TOKEN  shift, and go to state 96
    STR_TOKEN  shift, and go to state 97
    DATA_END   shift, and go to state 144

    CompoundToken  go to state 119


State 122

   60 CompoundToken: CompoundToken INT_TOKEN .

    $default  reduce using rule 60 (CompoundToken)


State 123

   61 CompoundToken: CompoundToken STR_TOKEN .

    $default  reduce using rule 61 (CompoundToken)


State 124

   51 MDStmt: MD_VALUE ':' CompoundToken ':' . CompoundToken ':' INT_TOKEN ':' INT_TOKEN ':' INT_TOKEN

    INT_TOKEN  shift, and go to state 96
    STR_TOKEN  shift, and go to state 97

    CompoundToken  go to state 145


State 125

   47 MDStmt: MD_SAMPLER ':' CompoundToken ':' . INT_TOKEN ':' INT_TOKEN ':' INT_TOKEN

    INT_TOKEN  shift, and go to state 146


State 126

   44 MDStmt: MD_MEMORY ':' STR_TOKEN ':' . INT_TOKEN

    INT_TOKEN  shift, and go to state 147


State 127

   50 MDStmt: MD_COUNTER ':' CompoundToken ':' . INT_TOKEN ':' INT_TOKEN ':' INT_TOKEN ':' INT_TOKEN

    INT_TOKEN  shift, and go to state 148


State 128

   69 IntList: IntList ':' . INT_TOKEN

    INT_TOKEN  shift, and go to state 149


State 129

   59 MDStmt: MD_QUEUE ':' CompoundToken ':' . CompoundToken ':' INT_TOKEN ':' INT_TOKEN ':' INT_TOKEN ':' STR_TOKEN

    INT_TOKEN  shift, and go to state 96
    STR_TOKEN  shift, and go to state 97

    CompoundToken  go to state 150


State 130

   52 MDStmt: MD_POINTER ':' CompoundToken ':' . CompoundToken ':' INT_TOKEN ':' INT_TOKEN ':' INT_TOKEN ':' STR_TOKEN ':' INT_TOKEN ':' INT_TOKEN
   53       | MD_POINTER ':' CompoundToken ':' . CompoundToken ':' INT_TOKEN ':' INT_TOKEN ':' INT_TOKEN ':' STR_TOKEN ':' INT_TOKEN ':' INT_TOKEN ':' STR_TOKEN
   54       | MD_POINTER ':' CompoundToken ':' . CompoundToken ':' INT_TOKEN ':' INT_TOKEN ':' INT_TOKEN ':' STR_TOKEN ':' INT_TOKEN ':' INT_TOKEN ':' STR_TOKEN ':' INT_TOKEN ':' INT_TOKEN
   55       | MD_POINTER ':' CompoundToken ':' . CompoundToken ':' INT_TOKEN ':' INT_TOKEN ':' INT_TOKEN ':' STR_TOKEN ':' INT_TOKEN ':' INT_TOKEN ':' STR_TOKEN ':' INT_TOKEN ':' INT_TOKEN ':' INT_TOKEN

    INT_TOKEN  shift, and go to state 96
    STR_TOKEN  shift, and go to state 97

    CompoundToken  go to state 151


State 131

   48 MDStmt: MD_IMAGE ':' CompoundToken ':' . CompoundToken ':' STR_TOKEN ':' INT_TOKEN ':' INT_TOKEN ':' INT_TOKEN

    INT_TOKEN  shift, and go to state 96
    STR_TOKEN  shift, and go to state 97

    CompoundToken  go to state 152


State 132

   57 MDStmt: MD_PRINTF ':' IntList ':' . STR_TOKEN
   69 IntList: IntList ':' . INT_TOKEN

    INT_TOKEN  shift, and go to state 149
    STR_TOKEN  shift, and go to state 153


State 133

   49 MDStmt: MD_SEMAPHORE ':' CompoundToken ':' . INT_TOKEN ':' INT_TOKEN ':' INT_TOKEN

    INT_TOKEN  shift, and go to state 154


State 134

   42 MDStmt: MD_REFLECTION ':' INT_TOKEN ':' . CompoundToken

    INT_TOKEN  shift, and go to state 96
    STR_TOKEN  shift, and go to state 97

    CompoundToken  go to state 155


State 135

   43 MDStmt: MD_CONSTARG ':' INT_TOKEN ':' . CompoundToken

    INT_TOKEN  shift, and go to state 96
    STR_TOKEN  shift, and go to state 97

    CompoundToken  go to state 156


State 136

   41 MDStmt: MD_ERRWAR ':' CompoundToken ':' . SpaceCompoundToken

    INT_TOKEN  shift, and go to state 157
    STR_TOKEN  shift, and go to state 158

    SpaceCompoundToken  go to state 159


State 137

   37 MDState: ARG_START ':' STR_TOKEN MDStmts ARG_END ':' STR_TOKEN .

    $default  reduce using rule 37 (MDState)


State 138

   24 ILState: IL_FUNC STR_TOKEN ';' STR_TOKEN ';' STR_TOKEN Statements . IL_ENDFUNC ';' STR_TOKEN
   36 Statements: Statements . STR_TOKEN

    STR_TOKEN   shift, and go to state 39
    IL_ENDFUNC  shift, and go to state 160


State 139

   23 ILState: IL_FUNC STR_TOKEN ';' STR_TOKEN Statements IL_ENDFUNC ';' . STR_TOKEN

    STR_TOKEN  shift, and go to state 161


State 140

   27 MacroState: MACRO_START STR_TOKEN ';' STR_TOKEN ';' STR_TOKEN Statements . MACRO_END ';' STR_TOKEN
   36 Statements: Statements . STR_TOKEN

    STR_TOKEN  shift, and go to state 39
    MACRO_END  shift, and go to state 162


State 141

   26 MacroState: MACRO_START STR_TOKEN ';' STR_TOKEN Statements MACRO_END ';' . STR_TOKEN

    STR_TOKEN  shift, and go to state 163


State 142

   34 DataEntry: ';' '#' CompoundToken ':' . StrList

    STR_TOKEN  shift, and go to state 164

    StrList  go to state 165


State 143

   30 DataState: DATA_START ':' STR_TOKEN ':' STR_TOKEN DataEntries ';' . '#' DATA_END ':' INT_TOKEN
   34 DataEntry: ';' . '#' CompoundToken ':' StrList

    '#'  shift, and go to state 166


State 144

   31 DataState: DATA_START ':' STR_TOKEN DataEntries ';' '#' DATA_END .

    $default  reduce using rule 31 (DataState)


State 145

   51 MDStmt: MD_VALUE ':' CompoundToken ':' CompoundToken . ':' INT_TOKEN ':' INT_TOKEN ':' INT_TOKEN
   60 CompoundToken: CompoundToken . INT_TOKEN
   61              | CompoundToken . STR_TOKEN

    INT_TOKEN  shift, and go to state 122
    STR_TOKEN  shift, and go to state 123
    ':'        shift, and go to state 167


State 146

   47 MDStmt: MD_SAMPLER ':' CompoundToken ':' INT_TOKEN . ':' INT_TOKEN ':' INT_TOKEN

    ':'  shift, and go to state 168


State 147

   44 MDStmt: MD_MEMORY ':' STR_TOKEN ':' INT_TOKEN .

    $default  reduce using rule 44 (MDStmt)


State 148

   50 MDStmt: MD_COUNTER ':' CompoundToken ':' INT_TOKEN . ':' INT_TOKEN ':' INT_TOKEN ':' INT_TOKEN

    ':'  shift, and go to state 169


State 149

   69 IntList: IntList ':' INT_TOKEN .

    $default  reduce using rule 69 (IntList)


State 150

   59 MDStmt: MD_QUEUE ':' CompoundToken ':' CompoundToken . ':' INT_TOKEN ':' INT_TOKEN ':' INT_TOKEN ':' STR_TOKEN
   60 CompoundToken: CompoundToken . INT_TOKEN
   61              | CompoundToken . STR_TOKEN

    INT_TOKEN  shift, and go to state 122
    STR_TOKEN  shift, and go to state 123
    ':'        shift, and go to state 170


State 151

   52 MDStmt: MD_POINTER ':' CompoundToken ':' CompoundToken . ':' INT_TOKEN ':' INT_TOKEN ':' INT_TOKEN ':' STR_TOKEN ':' INT_TOKEN ':' INT_TOKEN
   53       | MD_POINTER ':' CompoundToken ':' CompoundToken . ':' INT_TOKEN ':' INT_TOKEN ':' INT_TOKEN ':' STR_TOKEN ':' INT_TOKEN ':' INT_TOKEN ':' STR_TOKEN
   54       | MD_POINTER ':' CompoundToken ':' CompoundToken . ':' INT_TOKEN ':' INT_TOKEN ':' INT_TOKEN ':' STR_TOKEN ':' INT_TOKEN ':' INT_TOKEN ':' STR_TOKEN ':' INT_TOKEN ':' INT_TOKEN
   55       | MD_POINTER ':' CompoundToken ':' CompoundToken . ':' INT_TOKEN ':' INT_TOKEN ':' INT_TOKEN ':' STR_TOKEN ':' INT_TOKEN ':' INT_TOKEN ':' STR_TOKEN ':' INT_TOKEN ':' INT_TOKEN ':' INT_TOKEN
   60 CompoundToken: CompoundToken . INT_TOKEN
   61              | CompoundToken . STR_TOKEN

    INT_TOKEN  shift, and go to state 122
    STR_TOKEN  shift, and go to state 123
    ':'        shift, and go to state 171


State 152

   48 MDStmt: MD_IMAGE ':' CompoundToken ':' CompoundToken . ':' STR_TOKEN ':' INT_TOKEN ':' INT_TOKEN ':' INT_TOKEN
   60 CompoundToken: CompoundToken . INT_TOKEN
   61              | CompoundToken . STR_TOKEN

    INT_TOKEN  shift, and go to state 122
    STR_TOKEN  shift, and go to state 123
    ':'        shift, and go to state 172


State 153

   57 MDStmt: MD_PRINTF ':' IntList ':' STR_TOKEN .

    $default  reduce using rule 57 (MDStmt)


State 154

   49 MDStmt: MD_SEMAPHORE ':' CompoundToken ':' INT_TOKEN . ':' INT_TOKEN ':' INT_TOKEN

    ':'  shift, and go to state 173


State 155

   42 MDStmt: MD_REFLECTION ':' INT_TOKEN ':' CompoundToken .
   60 CompoundToken: CompoundToken . INT_TOKEN
   61              | CompoundToken . STR_TOKEN

    INT_TOKEN  shift, and go to state 122
    STR_TOKEN  shift, and go to state 123

    $default  reduce using rule 42 (MDStmt)


State 156

   43 MDStmt: MD_CONSTARG ':' INT_TOKEN ':' CompoundToken .
   60 CompoundToken: CompoundToken . INT_TOKEN
   61              | CompoundToken . STR_TOKEN

    INT_TOKEN  shift, and go to state 122
    STR_TOKEN  shift, and go to state 123

    $default  reduce using rule 43 (MDStmt)


State 157

   67 SpaceCompoundToken: INT_TOKEN .

    $default  reduce using rule 67 (SpaceCompoundToken)


State 158

   66 SpaceCompoundToken: STR_TOKEN .

    $default  reduce using rule 66 (SpaceCompoundToken)


State 159

   41 MDStmt: MD_ERRWAR ':' CompoundToken ':' SpaceCompoundToken .
   64 SpaceCompoundToken: SpaceCompoundToken . INT_TOKEN
   65                   | SpaceCompoundToken . STR_TOKEN

    INT_TOKEN  shift, and go to state 174
    STR_TOKEN  shift, and go to state 175

    $default  reduce using rule 41 (MDStmt)


State 160

   24 ILState: IL_FUNC STR_TOKEN ';' STR_TOKEN ';' STR_TOKEN Statements IL_ENDFUNC . ';' STR_TOKEN

    ';'  shift, and go to state 176


State 161

   23 ILState: IL_FUNC STR_TOKEN ';' STR_TOKEN Statements IL_ENDFUNC ';' STR_TOKEN .

    $default  reduce using rule 23 (ILState)


State 162

   27 MacroState: MACRO_START STR_TOKEN ';' STR_TOKEN ';' STR_TOKEN Statements MACRO_END . ';' STR_TOKEN

    ';'  shift, and go to state 177


State 163

   26 MacroState: MACRO_START STR_TOKEN ';' STR_TOKEN Statements MACRO_END ';' STR_TOKEN .

    $default  reduce using rule 26 (MacroState)


State 164

   70 StrList: STR_TOKEN .

    $default  reduce using rule 70 (StrList)


State 165

   34 DataEntry: ';' '#' CompoundToken ':' StrList .
   71 StrList: StrList . ':' STR_TOKEN

    ':'  shift, and go to state 178

    $default  reduce using rule 34 (DataEntry)


State 166

   30 DataState: DATA_START ':' STR_TOKEN ':' STR_TOKEN DataEntries ';' '#' . DATA_END ':' INT_TOKEN
   34 DataEntry: ';' '#' . CompoundToken ':' StrList

    INT_TOKEN  shift, and go to state 96
    STR_TOKEN  shift, and go to state 97
    DATA_END   shift, and go to state 179

    CompoundToken  go to state 119


State 167

   51 MDStmt: MD_VALUE ':' CompoundToken ':' CompoundToken ':' . INT_TOKEN ':' INT_TOKEN ':' INT_TOKEN

    INT_TOKEN  shift, and go to state 180


State 168

   47 MDStmt: MD_SAMPLER ':' CompoundToken ':' INT_TOKEN ':' . INT_TOKEN ':' INT_TOKEN

    INT_TOKEN  shift, and go to state 181


State 169

   50 MDStmt: MD_COUNTER ':' CompoundToken ':' INT_TOKEN ':' . INT_TOKEN ':' INT_TOKEN ':' INT_TOKEN

    INT_TOKEN  shift, and go to state 182


State 170

   59 MDStmt: MD_QUEUE ':' CompoundToken ':' CompoundToken ':' . INT_TOKEN ':' INT_TOKEN ':' INT_TOKEN ':' STR_TOKEN

    INT_TOKEN  shift, and go to state 183


State 171

   52 MDStmt: MD_POINTER ':' CompoundToken ':' CompoundToken ':' . INT_TOKEN ':' INT_TOKEN ':' INT_TOKEN ':' STR_TOKEN ':' INT_TOKEN ':' INT_TOKEN
   53       | MD_POINTER ':' CompoundToken ':' CompoundToken ':' . INT_TOKEN ':' INT_TOKEN ':' INT_TOKEN ':' STR_TOKEN ':' INT_TOKEN ':' INT_TOKEN ':' STR_TOKEN
   54       | MD_POINTER ':' CompoundToken ':' CompoundToken ':' . INT_TOKEN ':' INT_TOKEN ':' INT_TOKEN ':' STR_TOKEN ':' INT_TOKEN ':' INT_TOKEN ':' STR_TOKEN ':' INT_TOKEN ':' INT_TOKEN
   55       | MD_POINTER ':' CompoundToken ':' CompoundToken ':' . INT_TOKEN ':' INT_TOKEN ':' INT_TOKEN ':' STR_TOKEN ':' INT_TOKEN ':' INT_TOKEN ':' STR_TOKEN ':' INT_TOKEN ':' INT_TOKEN ':' INT_TOKEN

    INT_TOKEN  shift, and go to state 184


State 172

   48 MDStmt: MD_IMAGE ':' CompoundToken ':' CompoundToken ':' . STR_TOKEN ':' INT_TOKEN ':' INT_TOKEN ':' INT_TOKEN

    STR_TOKEN  shift, and go to state 185


State 173

   49 MDStmt: MD_SEMAPHORE ':' CompoundToken ':' INT_TOKEN ':' . INT_TOKEN ':' INT_TOKEN

    INT_TOKEN  shift, and go to state 186


State 174

   64 SpaceCompoundToken: SpaceCompoundToken INT_TOKEN .

    $default  reduce using rule 64 (SpaceCompoundToken)


State 175

   65 SpaceCompoundToken: SpaceCompoundToken STR_TOKEN .

    $default  reduce using rule 65 (SpaceCompoundToken)


State 176

   24 ILState: IL_FUNC STR_TOKEN ';' STR_TOKEN ';' STR_TOKEN Statements IL_ENDFUNC ';' . STR_TOKEN

    STR_TOKEN  shift, and go to state 187


State 177

   27 MacroState: MACRO_START STR_TOKEN ';' STR_TOKEN ';' STR_TOKEN Statements MACRO_END ';' . STR_TOKEN

    STR_TOKEN  shift, and go to state 188


State 178

   71 StrList: StrList ':' . STR_TOKEN

    STR_TOKEN  shift, and go to state 189


State 179

   30 DataState: DATA_START ':' STR_TOKEN ':' STR_TOKEN DataEntries ';' '#' DATA_END . ':' INT_TOKEN

    ':'  shift, and go to state 190


State 180

   51 MDStmt: MD_VALUE ':' CompoundToken ':' CompoundToken ':' INT_TOKEN . ':' INT_TOKEN ':' INT_TOKEN

    ':'  shift, and go to state 191


State 181

   47 MDStmt: MD_SAMPLER ':' CompoundToken ':' INT_TOKEN ':' INT_TOKEN . ':' INT_TOKEN

    ':'  shift, and go to state 192


State 182

   50 MDStmt: MD_COUNTER ':' CompoundToken ':' INT_TOKEN ':' INT_TOKEN . ':' INT_TOKEN ':' INT_TOKEN

    ':'  shift, and go to state 193


State 183

   59 MDStmt: MD_QUEUE ':' CompoundToken ':' CompoundToken ':' INT_TOKEN . ':' INT_TOKEN ':' INT_TOKEN ':' STR_TOKEN

    ':'  shift, and go to state 194


State 184

   52 MDStmt: MD_POINTER ':' CompoundToken ':' CompoundToken ':' INT_TOKEN . ':' INT_TOKEN ':' INT_TOKEN ':' STR_TOKEN ':' INT_TOKEN ':' INT_TOKEN
   53       | MD_POINTER ':' CompoundToken ':' CompoundToken ':' INT_TOKEN . ':' INT_TOKEN ':' INT_TOKEN ':' STR_TOKEN ':' INT_TOKEN ':' INT_TOKEN ':' STR_TOKEN
   54       | MD_POINTER ':' CompoundToken ':' CompoundToken ':' INT_TOKEN . ':' INT_TOKEN ':' INT_TOKEN ':' STR_TOKEN ':' INT_TOKEN ':' INT_TOKEN ':' STR_TOKEN ':' INT_TOKEN ':' INT_TOKEN
   55       | MD_POINTER ':' CompoundToken ':' CompoundToken ':' INT_TOKEN . ':' INT_TOKEN ':' INT_TOKEN ':' STR_TOKEN ':' INT_TOKEN ':' INT_TOKEN ':' STR_TOKEN ':' INT_TOKEN ':' INT_TOKEN ':' INT_TOKEN

    ':'  shift, and go to state 195


State 185

   48 MDStmt: MD_IMAGE ':' CompoundToken ':' CompoundToken ':' STR_TOKEN . ':' INT_TOKEN ':' INT_TOKEN ':' INT_TOKEN

    ':'  shift, and go to state 196


State 186

   49 MDStmt: MD_SEMAPHORE ':' CompoundToken ':' INT_TOKEN ':' INT_TOKEN . ':' INT_TOKEN

    ':'  shift, and go to state 197


State 187

   24 ILState: IL_FUNC STR_TOKEN ';' STR_TOKEN ';' STR_TOKEN Statements IL_ENDFUNC ';' STR_TOKEN .

    $default  reduce using rule 24 (ILState)


State 188

   27 MacroState: MACRO_START STR_TOKEN ';' STR_TOKEN ';' STR_TOKEN Statements MACRO_END ';' STR_TOKEN .

    $default  reduce using rule 27 (MacroState)


State 189

   71 StrList: StrList ':' STR_TOKEN .

    $default  reduce using rule 71 (StrList)


State 190

   30 DataState: DATA_START ':' STR_TOKEN ':' STR_TOKEN DataEntries ';' '#' DATA_END ':' . INT_TOKEN

    INT_TOKEN  shift, and go to state 198


State 191

   51 MDStmt: MD_VALUE ':' CompoundToken ':' CompoundToken ':' INT_TOKEN ':' . INT_TOKEN ':' INT_TOKEN

    INT_TOKEN  shift, and go to state 199


State 192

   47 MDStmt: MD_SAMPLER ':' CompoundToken ':' INT_TOKEN ':' INT_TOKEN ':' . INT_TOKEN

    INT_TOKEN  shift, and go to state 200


State 193

   50 MDStmt: MD_COUNTER ':' CompoundToken ':' INT_TOKEN ':' INT_TOKEN ':' . INT_TOKEN ':' INT_TOKEN

    INT_TOKEN  shift, and go to state 201


State 194

   59 MDStmt: MD_QUEUE ':' CompoundToken ':' CompoundToken ':' INT_TOKEN ':' . INT_TOKEN ':' INT_TOKEN ':' STR_TOKEN

    INT_TOKEN  shift, and go to state 202


State 195

   52 MDStmt: MD_POINTER ':' CompoundToken ':' CompoundToken ':' INT_TOKEN ':' . INT_TOKEN ':' INT_TOKEN ':' STR_TOKEN ':' INT_TOKEN ':' INT_TOKEN
   53       | MD_POINTER ':' CompoundToken ':' CompoundToken ':' INT_TOKEN ':' . INT_TOKEN ':' INT_TOKEN ':' STR_TOKEN ':' INT_TOKEN ':' INT_TOKEN ':' STR_TOKEN
   54       | MD_POINTER ':' CompoundToken ':' CompoundToken ':' INT_TOKEN ':' . INT_TOKEN ':' INT_TOKEN ':' STR_TOKEN ':' INT_TOKEN ':' INT_TOKEN ':' STR_TOKEN ':' INT_TOKEN ':' INT_TOKEN
   55       | MD_POINTER ':' CompoundToken ':' CompoundToken ':' INT_TOKEN ':' . INT_TOKEN ':' INT_TOKEN ':' STR_TOKEN ':' INT_TOKEN ':' INT_TOKEN ':' STR_TOKEN ':' INT_TOKEN ':' INT_TOKEN ':' INT_TOKEN

    INT_TOKEN  shift, and go to state 203


State 196

   48 MDStmt: MD_IMAGE ':' CompoundToken ':' CompoundToken ':' STR_TOKEN ':' . INT_TOKEN ':' INT_TOKEN ':' INT_TOKEN

    INT_TOKEN  shift, and go to state 204


State 197

   49 MDStmt: MD_SEMAPHORE ':' CompoundToken ':' INT_TOKEN ':' INT_TOKEN ':' . INT_TOKEN

    INT_TOKEN  shift, and go to state 205


State 198

   30 DataState: DATA_START ':' STR_TOKEN ':' STR_TOKEN DataEntries ';' '#' DATA_END ':' INT_TOKEN .

    $default  reduce using rule 30 (DataState)


State 199

   51 MDStmt: MD_VALUE ':' CompoundToken ':' CompoundToken ':' INT_TOKEN ':' INT_TOKEN . ':' INT_TOKEN

    ':'  shift, and go to state 206


State 200

   47 MDStmt: MD_SAMPLER ':' CompoundToken ':' INT_TOKEN ':' INT_TOKEN ':' INT_TOKEN .

    $default  reduce using rule 47 (MDStmt)


State 201

   50 MDStmt: MD_COUNTER ':' CompoundToken ':' INT_TOKEN ':' INT_TOKEN ':' INT_TOKEN . ':' INT_TOKEN

    ':'  shift, and go to state 207


State 202

   59 MDStmt: MD_QUEUE ':' CompoundToken ':' CompoundToken ':' INT_TOKEN ':' INT_TOKEN . ':' INT_TOKEN ':' STR_TOKEN

    ':'  shift, and go to state 208


State 203

   52 MDStmt: MD_POINTER ':' CompoundToken ':' CompoundToken ':' INT_TOKEN ':' INT_TOKEN . ':' INT_TOKEN ':' STR_TOKEN ':' INT_TOKEN ':' INT_TOKEN
   53       | MD_POINTER ':' CompoundToken ':' CompoundToken ':' INT_TOKEN ':' INT_TOKEN . ':' INT_TOKEN ':' STR_TOKEN ':' INT_TOKEN ':' INT_TOKEN ':' STR_TOKEN
   54       | MD_POINTER ':' CompoundToken ':' CompoundToken ':' INT_TOKEN ':' INT_TOKEN . ':' INT_TOKEN ':' STR_TOKEN ':' INT_TOKEN ':' INT_TOKEN ':' STR_TOKEN ':' INT_TOKEN ':' INT_TOKEN
   55       | MD_POINTER ':' CompoundToken ':' CompoundToken ':' INT_TOKEN ':' INT_TOKEN . ':' INT_TOKEN ':' STR_TOKEN ':' INT_TOKEN ':' INT_TOKEN ':' STR_TOKEN ':' INT_TOKEN ':' INT_TOKEN ':' INT_TOKEN

    ':'  shift, and go to state 209


State 204

   48 MDStmt: MD_IMAGE ':' CompoundToken ':' CompoundToken ':' STR_TOKEN ':' INT_TOKEN . ':' INT_TOKEN ':' INT_TOKEN

    ':'  shift, and go to state 210


State 205

   49 MDStmt: MD_SEMAPHORE ':' CompoundToken ':' INT_TOKEN ':' INT_TOKEN ':' INT_TOKEN .

    $default  reduce using rule 49 (MDStmt)


State 206

   51 MDStmt: MD_VALUE ':' CompoundToken ':' CompoundToken ':' INT_TOKEN ':' INT_TOKEN ':' . INT_TOKEN

    INT_TOKEN  shift, and go to state 211


State 207

   50 MDStmt: MD_COUNTER ':' CompoundToken ':' INT_TOKEN ':' INT_TOKEN ':' INT_TOKEN ':' . INT_TOKEN

    INT_TOKEN  shift, and go to state 212


State 208

   59 MDStmt: MD_QUEUE ':' CompoundToken ':' CompoundToken ':' INT_TOKEN ':' INT_TOKEN ':' . INT_TOKEN ':' STR_TOKEN

    INT_TOKEN  shift, and go to state 213


State 209

   52 MDStmt: MD_POINTER ':' CompoundToken ':' CompoundToken ':' INT_TOKEN ':' INT_TOKEN ':' . INT_TOKEN ':' STR_TOKEN ':' INT_TOKEN ':' INT_TOKEN
   53       | MD_POINTER ':' CompoundToken ':' CompoundToken ':' INT_TOKEN ':' INT_TOKEN ':' . INT_TOKEN ':' STR_TOKEN ':' INT_TOKEN ':' INT_TOKEN ':' STR_TOKEN
   54       | MD_POINTER ':' CompoundToken ':' CompoundToken ':' INT_TOKEN ':' INT_TOKEN ':' . INT_TOKEN ':' STR_TOKEN ':' INT_TOKEN ':' INT_TOKEN ':' STR_TOKEN ':' INT_TOKEN ':' INT_TOKEN
   55       | MD_POINTER ':' CompoundToken ':' CompoundToken ':' INT_TOKEN ':' INT_TOKEN ':' . INT_TOKEN ':' STR_TOKEN ':' INT_TOKEN ':' INT_TOKEN ':' STR_TOKEN ':' INT_TOKEN ':' INT_TOKEN ':' INT_TOKEN

    INT_TOKEN  shift, and go to state 214


State 210

   48 MDStmt: MD_IMAGE ':' CompoundToken ':' CompoundToken ':' STR_TOKEN ':' INT_TOKEN ':' . INT_TOKEN ':' INT_TOKEN

    INT_TOKEN  shift, and go to state 215


State 211

   51 MDStmt: MD_VALUE ':' CompoundToken ':' CompoundToken ':' INT_TOKEN ':' INT_TOKEN ':' INT_TOKEN .

    $default  reduce using rule 51 (MDStmt)


State 212

   50 MDStmt: MD_COUNTER ':' CompoundToken ':' INT_TOKEN ':' INT_TOKEN ':' INT_TOKEN ':' INT_TOKEN .

    $default  reduce using rule 50 (MDStmt)


State 213

   59 MDStmt: MD_QUEUE ':' CompoundToken ':' CompoundToken ':' INT_TOKEN ':' INT_TOKEN ':' INT_TOKEN . ':' STR_TOKEN

    ':'  shift, and go to state 216


State 214

   52 MDStmt: MD_POINTER ':' CompoundToken ':' CompoundToken ':' INT_TOKEN ':' INT_TOKEN ':' INT_TOKEN . ':' STR_TOKEN ':' INT_TOKEN ':' INT_TOKEN
   53       | MD_POINTER ':' CompoundToken ':' CompoundToken ':' INT_TOKEN ':' INT_TOKEN ':' INT_TOKEN . ':' STR_TOKEN ':' INT_TOKEN ':' INT_TOKEN ':' STR_TOKEN
   54       | MD_POINTER ':' CompoundToken ':' CompoundToken ':' INT_TOKEN ':' INT_TOKEN ':' INT_TOKEN . ':' STR_TOKEN ':' INT_TOKEN ':' INT_TOKEN ':' STR_TOKEN ':' INT_TOKEN ':' INT_TOKEN
   55       | MD_POINTER ':' CompoundToken ':' CompoundToken ':' INT_TOKEN ':' INT_TOKEN ':' INT_TOKEN . ':' STR_TOKEN ':' INT_TOKEN ':' INT_TOKEN ':' STR_TOKEN ':' INT_TOKEN ':' INT_TOKEN ':' INT_TOKEN

    ':'  shift, and go to state 217


State 215

   48 MDStmt: MD_IMAGE ':' CompoundToken ':' CompoundToken ':' STR_TOKEN ':' INT_TOKEN ':' INT_TOKEN . ':' INT_TOKEN

    ':'  shift, and go to state 218


State 216

   59 MDStmt: MD_QUEUE ':' CompoundToken ':' CompoundToken ':' INT_TOKEN ':' INT_TOKEN ':' INT_TOKEN ':' . STR_TOKEN

    STR_TOKEN  shift, and go to state 219


State 217

   52 MDStmt: MD_POINTER ':' CompoundToken ':' CompoundToken ':' INT_TOKEN ':' INT_TOKEN ':' INT_TOKEN ':' . STR_TOKEN ':' INT_TOKEN ':' INT_TOKEN
   53       | MD_POINTER ':' CompoundToken ':' CompoundToken ':' INT_TOKEN ':' INT_TOKEN ':' INT_TOKEN ':' . STR_TOKEN ':' INT_TOKEN ':' INT_TOKEN ':' STR_TOKEN
   54       | MD_POINTER ':' CompoundToken ':' CompoundToken ':' INT_TOKEN ':' INT_TOKEN ':' INT_TOKEN ':' . STR_TOKEN ':' INT_TOKEN ':' INT_TOKEN ':' STR_TOKEN ':' INT_TOKEN ':' INT_TOKEN
   55       | MD_POINTER ':' CompoundToken ':' CompoundToken ':' INT_TOKEN ':' INT_TOKEN ':' INT_TOKEN ':' . STR_TOKEN ':' INT_TOKEN ':' INT_TOKEN ':' STR_TOKEN ':' INT_TOKEN ':' INT_TOKEN ':' INT_TOKEN

    STR_TOKEN  shift, and go to state 220


State 218

   48 MDStmt: MD_IMAGE ':' CompoundToken ':' CompoundToken ':' STR_TOKEN ':' INT_TOKEN ':' INT_TOKEN ':' . INT_TOKEN

    INT_TOKEN  shift, and go to state 221


State 219

   59 MDStmt: MD_QUEUE ':' CompoundToken ':' CompoundToken ':' INT_TOKEN ':' INT_TOKEN ':' INT_TOKEN ':' STR_TOKEN .

    $default  reduce using rule 59 (MDStmt)


State 220

   52 MDStmt: MD_POINTER ':' CompoundToken ':' CompoundToken ':' INT_TOKEN ':' INT_TOKEN ':' INT_TOKEN ':' STR_TOKEN . ':' INT_TOKEN ':' INT_TOKEN
   53       | MD_POINTER ':' CompoundToken ':' CompoundToken ':' INT_TOKEN ':' INT_TOKEN ':' INT_TOKEN ':' STR_TOKEN . ':' INT_TOKEN ':' INT_TOKEN ':' STR_TOKEN
   54       | MD_POINTER ':' CompoundToken ':' CompoundToken ':' INT_TOKEN ':' INT_TOKEN ':' INT_TOKEN ':' STR_TOKEN . ':' INT_TOKEN ':' INT_TOKEN ':' STR_TOKEN ':' INT_TOKEN ':' INT_TOKEN
   55       | MD_POINTER ':' CompoundToken ':' CompoundToken ':' INT_TOKEN ':' INT_TOKEN ':' INT_TOKEN ':' STR_TOKEN . ':' INT_TOKEN ':' INT_TOKEN ':' STR_TOKEN ':' INT_TOKEN ':' INT_TOKEN ':' INT_TOKEN

    ':'  shift, and go to state 222


State 221

   48 MDStmt: MD_IMAGE ':' CompoundToken ':' CompoundToken ':' STR_TOKEN ':' INT_TOKEN ':' INT_TOKEN ':' INT_TOKEN .

    $default  reduce using rule 48 (MDStmt)


State 222

   52 MDStmt: MD_POINTER ':' CompoundToken ':' CompoundToken ':' INT_TOKEN ':' INT_TOKEN ':' INT_TOKEN ':' STR_TOKEN ':' . INT_TOKEN ':' INT_TOKEN
   53       | MD_POINTER ':' CompoundToken ':' CompoundToken ':' INT_TOKEN ':' INT_TOKEN ':' INT_TOKEN ':' STR_TOKEN ':' . INT_TOKEN ':' INT_TOKEN ':' STR_TOKEN
   54       | MD_POINTER ':' CompoundToken ':' CompoundToken ':' INT_TOKEN ':' INT_TOKEN ':' INT_TOKEN ':' STR_TOKEN ':' . INT_TOKEN ':' INT_TOKEN ':' STR_TOKEN ':' INT_TOKEN ':' INT_TOKEN
   55       | MD_POINTER ':' CompoundToken ':' CompoundToken ':' INT_TOKEN ':' INT_TOKEN ':' INT_TOKEN ':' STR_TOKEN ':' . INT_TOKEN ':' INT_TOKEN ':' STR_TOKEN ':' INT_TOKEN ':' INT_TOKEN ':' INT_TOKEN

    INT_TOKEN  shift, and go to state 223


State 223

   52 MDStmt: MD_POINTER ':' CompoundToken ':' CompoundToken ':' INT_TOKEN ':' INT_TOKEN ':' INT_TOKEN ':' STR_TOKEN ':' INT_TOKEN . ':' INT_TOKEN
   53       | MD_POINTER ':' CompoundToken ':' CompoundToken ':' INT_TOKEN ':' INT_TOKEN ':' INT_TOKEN ':' STR_TOKEN ':' INT_TOKEN . ':' INT_TOKEN ':' STR_TOKEN
   54       | MD_POINTER ':' CompoundToken ':' CompoundToken ':' INT_TOKEN ':' INT_TOKEN ':' INT_TOKEN ':' STR_TOKEN ':' INT_TOKEN . ':' INT_TOKEN ':' STR_TOKEN ':' INT_TOKEN ':' INT_TOKEN
   55       | MD_POINTER ':' CompoundToken ':' CompoundToken ':' INT_TOKEN ':' INT_TOKEN ':' INT_TOKEN ':' STR_TOKEN ':' INT_TOKEN . ':' INT_TOKEN ':' STR_TOKEN ':' INT_TOKEN ':' INT_TOKEN ':' INT_TOKEN

    ':'  shift, and go to state 224


State 224

   52 MDStmt: MD_POINTER ':' CompoundToken ':' CompoundToken ':' INT_TOKEN ':' INT_TOKEN ':' INT_TOKEN ':' STR_TOKEN ':' INT_TOKEN ':' . INT_TOKEN
   53       | MD_POINTER ':' CompoundToken ':' CompoundToken ':' INT_TOKEN ':' INT_TOKEN ':' INT_TOKEN ':' STR_TOKEN ':' INT_TOKEN ':' . INT_TOKEN ':' STR_TOKEN
   54       | MD_POINTER ':' CompoundToken ':' CompoundToken ':' INT_TOKEN ':' INT_TOKEN ':' INT_TOKEN ':' STR_TOKEN ':' INT_TOKEN ':' . INT_TOKEN ':' STR_TOKEN ':' INT_TOKEN ':' INT_TOKEN
   55       | MD_POINTER ':' CompoundToken ':' CompoundToken ':' INT_TOKEN ':' INT_TOKEN ':' INT_TOKEN ':' STR_TOKEN ':' INT_TOKEN ':' . INT_TOKEN ':' STR_TOKEN ':' INT_TOKEN ':' INT_TOKEN ':' INT_TOKEN

    INT_TOKEN  shift, and go to state 225


State 225

   52 MDStmt: MD_POINTER ':' CompoundToken ':' CompoundToken ':' INT_TOKEN ':' INT_TOKEN ':' INT_TOKEN ':' STR_TOKEN ':' INT_TOKEN ':' INT_TOKEN .
   53       | MD_POINTER ':' CompoundToken ':' CompoundToken ':' INT_TOKEN ':' INT_TOKEN ':' INT_TOKEN ':' STR_TOKEN ':' INT_TOKEN ':' INT_TOKEN . ':' STR_TOKEN
   54       | MD_POINTER ':' CompoundToken ':' CompoundToken ':' INT_TOKEN ':' INT_TOKEN ':' INT_TOKEN ':' STR_TOKEN ':' INT_TOKEN ':' INT_TOKEN . ':' STR_TOKEN ':' INT_TOKEN ':' INT_TOKEN
   55       | MD_POINTER ':' CompoundToken ':' CompoundToken ':' INT_TOKEN ':' INT_TOKEN ':' INT_TOKEN ':' STR_TOKEN ':' INT_TOKEN ':' INT_TOKEN . ':' STR_TOKEN ':' INT_TOKEN ':' INT_TOKEN ':' INT_TOKEN

    ':'  shift, and go to state 226

    $default  reduce using rule 52 (MDStmt)


State 226

   53 MDStmt: MD_POINTER ':' CompoundToken ':' CompoundToken ':' INT_TOKEN ':' INT_TOKEN ':' INT_TOKEN ':' STR_TOKEN ':' INT_TOKEN ':' INT_TOKEN ':' . STR_TOKEN
   54       | MD_POINTER ':' CompoundToken ':' CompoundToken ':' INT_TOKEN ':' INT_TOKEN ':' INT_TOKEN ':' STR_TOKEN ':' INT_TOKEN ':' INT_TOKEN ':' . STR_TOKEN ':' INT_TOKEN ':' INT_TOKEN
   55       | MD_POINTER ':' CompoundToken ':' CompoundToken ':' INT_TOKEN ':' INT_TOKEN ':' INT_TOKEN ':' STR_TOKEN ':' INT_TOKEN ':' INT_TOKEN ':' . STR_TOKEN ':' INT_TOKEN ':' INT_TOKEN ':' INT_TOKEN

    STR_TOKEN  shift, and go to state 227


State 227

   53 MDStmt: MD_POINTER ':' CompoundToken ':' CompoundToken ':' INT_TOKEN ':' INT_TOKEN ':' INT_TOKEN ':' STR_TOKEN ':' INT_TOKEN ':' INT_TOKEN ':' STR_TOKEN .
   54       | MD_POINTER ':' CompoundToken ':' CompoundToken ':' INT_TOKEN ':' INT_TOKEN ':' INT_TOKEN ':' STR_TOKEN ':' INT_TOKEN ':' INT_TOKEN ':' STR_TOKEN . ':' INT_TOKEN ':' INT_TOKEN
   55       | MD_POINTER ':' CompoundToken ':' CompoundToken ':' INT_TOKEN ':' INT_TOKEN ':' INT_TOKEN ':' STR_TOKEN ':' INT_TOKEN ':' INT_TOKEN ':' STR_TOKEN . ':' INT_TOKEN ':' INT_TOKEN ':' INT_TOKEN

    ':'  shift, and go to state 228

    $default  reduce using rule 53 (MDStmt)


State 228

   54 MDStmt: MD_POINTER ':' CompoundToken ':' CompoundToken ':' INT_TOKEN ':' INT_TOKEN ':' INT_TOKEN ':' STR_TOKEN ':' INT_TOKEN ':' INT_TOKEN ':' STR_TOKEN ':' . INT_TOKEN ':' INT_TOKEN
   55       | MD_POINTER ':' CompoundToken ':' CompoundToken ':' INT_TOKEN ':' INT_TOKEN ':' INT_TOKEN ':' STR_TOKEN ':' INT_TOKEN ':' INT_TOKEN ':' STR_TOKEN ':' . INT_TOKEN ':' INT_TOKEN ':' INT_TOKEN

    INT_TOKEN  shift, and go to state 229


State 229

   54 MDStmt: MD_POINTER ':' CompoundToken ':' CompoundToken ':' INT_TOKEN ':' INT_TOKEN ':' INT_TOKEN ':' STR_TOKEN ':' INT_TOKEN ':' INT_TOKEN ':' STR_TOKEN ':' INT_TOKEN . ':' INT_TOKEN
   55       | MD_POINTER ':' CompoundToken ':' CompoundToken ':' INT_TOKEN ':' INT_TOKEN ':' INT_TOKEN ':' STR_TOKEN ':' INT_TOKEN ':' INT_TOKEN ':' STR_TOKEN ':' INT_TOKEN . ':' INT_TOKEN ':' INT_TOKEN

    ':'  shift, and go to state 230


State 230

   54 MDStmt: MD_POINTER ':' CompoundToken ':' CompoundToken ':' INT_TOKEN ':' INT_TOKEN ':' INT_TOKEN ':' STR_TOKEN ':' INT_TOKEN ':' INT_TOKEN ':' STR_TOKEN ':' INT_TOKEN ':' . INT_TOKEN
   55       | MD_POINTER ':' CompoundToken ':' CompoundToken ':' INT_TOKEN ':' INT_TOKEN ':' INT_TOKEN ':' STR_TOKEN ':' INT_TOKEN ':' INT_TOKEN ':' STR_TOKEN ':' INT_TOKEN ':' . INT_TOKEN ':' INT_TOKEN

    INT_TOKEN  shift, and go to state 231


State 231

   54 MDStmt: MD_POINTER ':' CompoundToken ':' CompoundToken ':' INT_TOKEN ':' INT_TOKEN ':' INT_TOKEN ':' STR_TOKEN ':' INT_TOKEN ':' INT_TOKEN ':' STR_TOKEN ':' INT_TOKEN ':' INT_TOKEN .
   55       | MD_POINTER ':' CompoundToken ':' CompoundToken ':' INT_TOKEN ':' INT_TOKEN ':' INT_TOKEN ':' STR_TOKEN ':' INT_TOKEN ':' INT_TOKEN ':' STR_TOKEN ':' INT_TOKEN ':' INT_TOKEN . ':' INT_TOKEN

    ':'  shift, and go to state 232

    $default  reduce using rule 54 (MDStmt)


State 232

   55 MDStmt: MD_POINTER ':' CompoundToken ':' CompoundToken ':' INT_TOKEN ':' INT_TOKEN ':' INT_TOKEN ':' STR_TOKEN ':' INT_TOKEN ':' INT_TOKEN ':' STR_TOKEN ':' INT_TOKEN ':' INT_TOKEN ':' . INT_TOKEN

    INT_TOKEN  shift, and go to state 233


State 233

   55 MDStmt: MD_POINTER ':' CompoundToken ':' CompoundToken ':' INT_TOKEN ':' INT_TOKEN ':' INT_TOKEN ':' STR_TOKEN ':' INT_TOKEN ':' INT_TOKEN ':' STR_TOKEN ':' INT_TOKEN ':' INT_TOKEN ':' INT_TOKEN .

    $default  reduce using rule 55 (MDStmt)
